#
# There is insufficient memory for the Java Runtime Environment to continue.
# Native memory allocation (mmap) failed to map 266338304 bytes for Failed to commit area from 0x0000000702800000 to 0x0000000712600000 of length 266338304.
# Possible reasons:
#   The system is out of physical RAM or swap space
#   The process is running with CompressedOops enabled, and the Java Heap may be blocking the growth of the native heap
# Possible solutions:
#   Reduce memory load on the system
#   Increase physical memory or swap space
#   Check if swap backing store is full
#   Decrease Java heap size (-Xmx/-Xms)
#   Decrease number of Java threads
#   Decrease Java thread stack sizes (-Xss)
#   Set larger code cache with -XX:ReservedCodeCacheSize=
# This output file may be truncated or incomplete.
#
#  Out of Memory Error (./open/src/hotspot/os/windows/os_windows.cpp:3284), pid=22604, tid=24844
#
# JRE version:  (11.0.14+8) (build )
# Java VM: Java HotSpot(TM) 64-Bit Server VM (11.0.14+8-LTS-263, mixed mode, sharing, tiered, compressed oops, g1 gc, windows-amd64)
# No core dump will be written. Minidumps are not enabled by default on client versions of Windows
#

---------------  S U M M A R Y ------------

Command Line: -Dfile.encoding=UTF-8 --module-path=D:\software\eclipse\workspace\booksmanagesystem\mysql-connector-java-8.0.30.jar;D:\software\eclipse\workspace\booksmanagesystem\datepicker.jar com.jiuyun.system.view.BookInfoFrame

Host: Intel(R) Core(TM) i7-10875H CPU @ 2.30GHz, 16 cores, 15G,  Windows 10 , 64 bit Build 19041 (10.0.19041.1889)
Time: Mon Sep 12 19:49:30 2022 中国标准时间 elapsed time: 0.008319 seconds (0d 0h 0m 0s)

---------------  T H R E A D  ---------------

Current thread (0x000002321718a000):  JavaThread "Unknown thread" [_thread_in_vm, id=24844, stack(0x0000008d3e300000,0x0000008d3e400000)]

Stack: [0x0000008d3e300000,0x0000008d3e400000]
Native frames: (J=compiled Java code, j=interpreted, Vv=VM code, C=native code)
V  [jvm.dll+0x6296da]
V  [jvm.dll+0x76323f]
V  [jvm.dll+0x7648e9]
V  [jvm.dll+0x764f73]
V  [jvm.dll+0x23d7c8]
V  [jvm.dll+0x626a5a]
V  [jvm.dll+0x61b7f5]
V  [jvm.dll+0x2f262c]
V  [jvm.dll+0x2f24b2]
V  [jvm.dll+0x2f71d6]
V  [jvm.dll+0x339bdf]
V  [jvm.dll+0x339610]
V  [jvm.dll+0x2cfc48]
V  [jvm.dll+0x2d0db6]
V  [jvm.dll+0x73d857]
V  [jvm.dll+0x73f0ef]
V  [jvm.dll+0x346909]
V  [jvm.dll+0x723160]
V  [jvm.dll+0x3b551f]
V  [jvm.dll+0x3b7631]
C  [jli.dll+0x5207]
C  [ucrtbase.dll+0x21bb2]
C  [KERNEL32.DLL+0x17034]
C  [ntdll.dll+0x52651]


---------------  P R O C E S S  ---------------

Threads class SMR info:
_java_thread_list=0x0000023216ed0580, length=0, elements={
}

Java Threads: ( => current thread )

Other Threads:
  0x00000232171a0000 GCTaskThread "GC Thread#0" [stack: 0x0000008d3e400000,0x0000008d3e500000] [id=10056]
  0x00000232171fe000 ConcurrentGCThread "G1 Main Marker" [stack: 0x0000008d3e500000,0x0000008d3e600000] [id=17140]
  0x0000023217204000 ConcurrentGCThread "G1 Conc#0" [stack: 0x0000008d3e600000,0x0000008d3e700000] [id=7968]

[error occurred during error reporting (printing all threads), id 0xc0000005, EXCEPTION_ACCESS_VIOLATION (0xc0000005) at pc=0x00007ff8f7fbeed7]

VM state:not at safepoint (not fully initialized)

VM Mutex/Monitor currently owned by a thread:  ([mutex/lock_event])
[0x0000023217186310] Heap_lock - owner thread: 0x000002321718a000

Heap address: 0x0000000702800000, size: 4056 MB, Compressed Oops mode: Non-zero based: 0x0000000702800000
Narrow klass base: 0x0000000000000000, Narrow klass shift: 0

GC Heap History (0 events):
No events

Deoptimization events (0 events):
No events

Classes redefined (0 events):
No events

Internal exceptions (0 events):
No events

Events (0 events):
No events


Dynamic libraries:
0x00007ff66c390000 - 0x00007ff66c39f000 	D:\JDK11\bin\javaw.exe
0x00007ff95dff0000 - 0x00007ff95e1e8000 	C:\WINDOWS\SYSTEM32\ntdll.dll
0x00007ff95d9c0000 - 0x00007ff95da7d000 	C:\WINDOWS\System32\KERNEL32.DLL
0x00007ff95b810000 - 0x00007ff95bade000 	C:\WINDOWS\System32\KERNELBASE.dll
0x00007ff95b710000 - 0x00007ff95b810000 	C:\WINDOWS\System32\ucrtbase.dll
0x00007ff9561f0000 - 0x00007ff956205000 	D:\JDK11\bin\VCRUNTIME140.dll
0x00007ff956320000 - 0x00007ff956338000 	D:\JDK11\bin\jli.dll
0x00007ff95ce30000 - 0x00007ff95cede000 	C:\WINDOWS\System32\ADVAPI32.dll
0x00007ff95d610000 - 0x00007ff95d6ae000 	C:\WINDOWS\System32\msvcrt.dll
0x00007ff95d920000 - 0x00007ff95d9bc000 	C:\WINDOWS\System32\sechost.dll
0x00007ff95c590000 - 0x00007ff95c6b5000 	C:\WINDOWS\System32\RPCRT4.dll
0x00007ff95d6c0000 - 0x00007ff95d860000 	C:\WINDOWS\System32\USER32.dll
0x00007ff95bf10000 - 0x00007ff95bf32000 	C:\WINDOWS\System32\win32u.dll
0x00007ff950da0000 - 0x00007ff95103a000 	C:\WINDOWS\WinSxS\amd64_microsoft.windows.common-controls_6595b64144ccf1df_6.0.19041.1110_none_60b5254171f9507e\COMCTL32.dll
0x00007ff95d860000 - 0x00007ff95d88a000 	C:\WINDOWS\System32\GDI32.dll
0x00007ff95bf40000 - 0x00007ff95c04b000 	C:\WINDOWS\System32\gdi32full.dll
0x00007ff95bc40000 - 0x00007ff95bcdd000 	C:\WINDOWS\System32\msvcp_win.dll
0x00007ff954f40000 - 0x00007ff954f4a000 	C:\WINDOWS\SYSTEM32\VERSION.dll
0x00007ff95d890000 - 0x00007ff95d8c0000 	C:\WINDOWS\System32\IMM32.DLL
0x00007ff955f40000 - 0x00007ff955fdb000 	D:\JDK11\bin\msvcp140.dll
0x00007ff8f7ce0000 - 0x00007ff8f87f6000 	D:\JDK11\bin\server\jvm.dll
0x00007ff95dc40000 - 0x00007ff95dc48000 	C:\WINDOWS\System32\PSAPI.DLL
0x00007ff946190000 - 0x00007ff946199000 	C:\WINDOWS\SYSTEM32\WSOCK32.dll
0x00007ff95daf0000 - 0x00007ff95db5b000 	C:\WINDOWS\System32\WS2_32.dll
0x00007ff949ac0000 - 0x00007ff949ae7000 	C:\WINDOWS\SYSTEM32\WINMM.dll
0x00007ff959ff0000 - 0x00007ff95a002000 	C:\WINDOWS\SYSTEM32\kernel.appcore.dll
0x00007ff9561e0000 - 0x00007ff9561f0000 	D:\JDK11\bin\verify.dll
0x00007ff959d80000 - 0x00007ff959f64000 	C:\WINDOWS\SYSTEM32\DBGHELP.DLL
0x00007ff9444f0000 - 0x00007ff94451c000 	C:\WINDOWS\SYSTEM32\dbgcore.DLL
0x00007ff95be50000 - 0x00007ff95bed2000 	C:\WINDOWS\System32\bcryptPrimitives.dll
0x00007ff9561b0000 - 0x00007ff9561d8000 	D:\JDK11\bin\java.dll
0x00007ff9561a0000 - 0x00007ff9561aa000 	D:\JDK11\bin\jimage.dll
0x00007ff955f20000 - 0x00007ff955f36000 	D:\JDK11\bin\zip.dll

dbghelp: loaded successfully - version: 4.0.5 - missing functions: none
symbol engine: initialized successfully - sym options: 0x614 - pdb path: .;D:\JDK11\bin;C:\WINDOWS\SYSTEM32;C:\WINDOWS\WinSxS\amd64_microsoft.windows.common-controls_6595b64144ccf1df_6.0.19041.1110_none_60b5254171f9507e;D:\JDK11\bin\server

VM Arguments:
jvm_args: -Dfile.encoding=UTF-8 --module-path=D:\software\eclipse\workspace\booksmanagesystem\mysql-connector-java-8.0.30.jar;D:\software\eclipse\workspace\booksmanagesystem\datepicker.jar 
java_command: com.jiuyun.system.view.BookInfoFrame
java_class_path (initial): D:\software\eclipse\workspace\booksmanagesystem\bin
Launcher Type: SUN_STANDARD

[Global flags]
     intx CICompilerCount                          = 12                                        {product} {ergonomic}
     uint ConcGCThreads                            = 3                                         {product} {ergonomic}
     uint G1ConcRefinementThreads                  = 13                                        {product} {ergonomic}
   size_t G1HeapRegionSize                         = 1048576                                   {product} {ergonomic}
    uintx GCDrainStackTargetSize                   = 64                                        {product} {ergonomic}
   size_t InitialHeapSize                          = 266338304                                 {product} {ergonomic}
   size_t MarkStackSize                            = 4194304                                   {product} {ergonomic}
   size_t MaxHeapSize                              = 4253024256                                {product} {ergonomic}
   size_t MinHeapDeltaBytes                        = 1048576                                   {product} {ergonomic}
    uintx NonNMethodCodeHeapSize                   = 7594288                                {pd product} {ergonomic}
    uintx NonProfiledCodeHeapSize                  = 122031976                              {pd product} {ergonomic}
    uintx ProfiledCodeHeapSize                     = 122031976                              {pd product} {ergonomic}
    uintx ReservedCodeCacheSize                    = 251658240                              {pd product} {ergonomic}
     bool SegmentedCodeCache                       = true                                      {product} {ergonomic}
     bool UseCompressedClassPointers               = true                                 {lp64_product} {ergonomic}
     bool UseCompressedOops                        = true                                 {lp64_product} {ergonomic}
     bool UseG1GC                                  = true                                      {product} {ergonomic}
     bool UseLargePagesIndividualAllocation        = false                                  {pd product} {ergonomic}

Logging:
Log output configuration:
 #0: stdout all=warning uptime,level,tags
 #1: stderr all=off uptime,level,tags

Environment Variables:
PATH=C:\Program Files\Common Files\Oracle\Java\javapath;C:\Windows\system32;C:\Windows;C:\Windows\System32\Wbem;C:\Windows\System32\WindowsPowerShell\v1.0\;C:\Windows\System32\OpenSSH\;C:\Program Files (x86)\NVIDIA Corporation\PhysX\Common;C:\Program Files\NVIDIA Corporation\NVIDIA NvDLISR;C:\WINDOWS\system32;C:\WINDOWS;C:\WINDOWS\System32\Wbem;C:\WINDOWS\System32\WindowsPowerShell\v1.0\;C:\WINDOWS\System32\OpenSSH\;C:\Program Files\dotnet\;C:\Program Files (x86)\Microsoft SQL Server\80\Tools\Binn\;C:\Program Files\Microsoft SQL Server\90\DTS\Binn\;C:\Program Files\Microsoft SQL Server\90\Tools\binn\;C:\Program Files (x86)\Microsoft SQL Server\90\Tools\binn\;C:\Program Files (x86)\Microsoft SQL Server\90\DTS\Binn\;C:\Program Files (x86)\Microsoft SQL Server\90\Tools\Binn\VSShell\Common7\IDE\;C:\Program Files (x86)\Microsoft Visual Studio 8\Common7\IDE\PrivateAssemblies\;D:\anaconda\condabin;D:\anaconda\Library\bin;D:\anaconda;D:\anaconda\Scripts;C:\Program Files\Git\cmd;C:\Users\86136\AppData\Local\Programs\Python\Python310\Scripts\;C:\Users\86136\AppData\Local\Programs\Python\Python310\;C:\Users\86136\AppData\Local\Programs\Python\Python39\Scripts\;C:\Users\86136\AppData\Local\Programs\Python\Python39\;C:\Users\86136\AppData\Local\Microsoft\WindowsApps;D:\软件工具\Microsoft VS Code\bin;D:\anaconda;D:\anaconda\Scripts;D:\anaconda\Library\bin;;D:\software\IntelliJ IDEA Community Edition 2022.1.3\bin;
USERNAME=86136
OS=Windows_NT
PROCESSOR_IDENTIFIER=Intel64 Family 6 Model 165 Stepping 2, GenuineIntel



---------------  S Y S T E M  ---------------

OS: Windows 10 , 64 bit Build 19041 (10.0.19041.1889)

CPU:total 16 (initial active 16) (8 cores per cpu, 2 threads per core) family 6 model 165 stepping 2 microcode 0xc6, cmov, cx8, fxsr, mmx, sse, sse2, sse3, ssse3, sse4.1, sse4.2, popcnt, avx, avx2, aes, clmul, erms, 3dnowpref, lzcnt, ht, tsc, tscinvbit, bmi1, bmi2, adx, fma

Memory: 4k page, system-wide physical 16219M (9173M free)
TotalPageFile size 24411M (AvailPageFile size 55M)
current process WorkingSet (physical memory assigned to process): 10M, peak: 10M
current process commit charge ("private bytes"): 71M, peak: 325M

vm_info: Java HotSpot(TM) 64-Bit Server VM (11.0.14+8-LTS-263) for windows-amd64 JRE (11.0.14+8-LTS-263), built on Dec  7 2021 21:53:57 by "mach5one" with MS VC++ 15.9 (VS2017)

END.
