[2020-02-15T17:22:21.520] [DEBUG] cheese - login => username:admin,password:123456
[2020-02-15T17:22:21.522] [DEBUG] cheese - admin
[2020-02-15T17:22:21.532] [DEBUG] cheese - null
[2020-02-15T17:22:21.534] [DEBUG] cheese - null
[2021-04-26T22:16:46.798] [DEBUG] cheese - login => username:admin,password:123456
[2021-04-26T22:16:46.800] [DEBUG] cheese - admin
[2021-04-26T22:16:46.825] [DEBUG] cheese - null
[2021-04-26T22:16:46.826] [DEBUG] cheese - null
[2021-12-25T09:12:09.383] [DEBUG] cheese - login => username:sz,password:123456
[2021-12-25T09:12:09.384] [DEBUG] cheese - sz
[2021-12-25T09:12:09.508] [DEBUG] cheese - null
[2021-12-25T09:12:09.509] [DEBUG] cheese - null
[2021-12-25T09:12:35.615] [DEBUG] cheese - login => username:admin,password:123456
[2021-12-25T09:12:35.615] [DEBUG] cheese - admin
[2021-12-25T09:12:35.619] [DEBUG] cheese - null
[2021-12-25T09:12:35.620] [DEBUG] cheese - null
[2021-12-26T15:19:48.356] [DEBUG] cheese - login => username:admin,password:123456
[2021-12-26T15:19:48.358] [DEBUG] cheese - admin
[2021-12-26T15:19:48.466] [DEBUG] cheese - null
[2021-12-26T15:19:48.466] [DEBUG] cheese - null
[2021-12-26T15:19:56.607] [DEBUG] cheese - login => username:admin,password:12345
[2021-12-26T15:19:56.607] [DEBUG] cheese - admin
[2021-12-26T15:19:56.612] [DEBUG] cheese - null
[2021-12-26T15:19:56.613] [DEBUG] cheese - null
[2021-12-26T15:23:51.271] [DEBUG] cheese - login => username:admin,password:123456
[2021-12-26T15:23:51.271] [DEBUG] cheese - admin
[2021-12-26T15:23:51.276] [DEBUG] cheese - null
[2021-12-26T15:23:51.277] [DEBUG] cheese - null
[2021-12-26T15:24:00.100] [DEBUG] cheese - login => username:admin,password:12341231231
[2021-12-26T15:24:00.100] [DEBUG] cheese - admin
[2021-12-26T15:24:00.107] [DEBUG] cheese - null
[2021-12-26T15:24:00.108] [DEBUG] cheese - null
[2021-12-26T15:27:33.542] [DEBUG] cheese - login => username:admin,password:123456
[2021-12-26T15:27:33.542] [DEBUG] cheese - admin
[2021-12-26T15:27:33.545] [DEBUG] cheese - null
[2021-12-26T15:27:33.545] [DEBUG] cheese - null
[2021-12-26T18:36:48.980] [DEBUG] cheese - login => username:admin,password:123456
[2021-12-26T18:36:48.980] [DEBUG] cheese - admin
[2021-12-26T18:36:48.988] [DEBUG] cheese - null
[2021-12-26T18:36:48.988] [DEBUG] cheese - null
[2021-12-26T18:38:19.128] [DEBUG] cheese - login => username:admin,password:123456111
[2021-12-26T18:38:19.128] [DEBUG] cheese - admin
[2021-12-26T18:38:19.131] [DEBUG] cheese - null
[2021-12-26T18:38:19.131] [DEBUG] cheese - null
[2021-12-26T18:38:25.375] [DEBUG] cheese - login => username:admin,password:123456
[2021-12-26T18:38:25.376] [DEBUG] cheese - admin
[2021-12-26T18:38:25.381] [DEBUG] cheese - null
[2021-12-26T18:38:25.381] [DEBUG] cheese - null
[2021-12-26T18:42:36.515] [DEBUG] cheese - login => username:admin,password:123456
[2021-12-26T18:42:36.515] [DEBUG] cheese - admin
[2021-12-26T18:42:36.519] [DEBUG] cheese - null
[2021-12-26T18:42:36.519] [DEBUG] cheese - null
[2021-12-26T18:42:45.777] [DEBUG] cheese - login => username:admin,password:123456
[2021-12-26T18:42:45.777] [DEBUG] cheese - admin
[2021-12-26T18:42:45.781] [DEBUG] cheese - null
[2021-12-26T18:42:45.781] [DEBUG] cheese - null
[2021-12-26T18:55:49.943] [DEBUG] cheese - login => username:admin,password:123456777
[2021-12-26T18:55:49.943] [DEBUG] cheese - admin
[2021-12-26T18:55:49.948] [DEBUG] cheese - null
[2021-12-26T18:55:49.948] [DEBUG] cheese - null
[2021-12-26T18:56:11.763] [DEBUG] cheese - login => username:admin,password:123456
[2021-12-26T18:56:11.763] [DEBUG] cheese - admin
[2021-12-26T18:56:11.767] [DEBUG] cheese - null
[2021-12-26T18:56:11.767] [DEBUG] cheese - null
[2021-12-26T18:59:42.413] [DEBUG] cheese - login => username:admin,password:123456
[2021-12-26T18:59:42.414] [DEBUG] cheese - admin
[2021-12-26T18:59:42.417] [DEBUG] cheese - null
[2021-12-26T18:59:42.417] [DEBUG] cheese - null
[2021-12-27T21:20:24.254] [DEBUG] cheese - login => username:admin,password:123456
[2021-12-27T21:20:24.256] [DEBUG] cheese - admin
[2021-12-27T21:20:24.274] [DEBUG] cheese - null
[2021-12-27T21:20:24.275] [DEBUG] cheese - null
[2021-12-28T11:40:15.570] [DEBUG] cheese - login => username:admin,password:123456
[2021-12-28T11:40:15.572] [DEBUG] cheese - admin
[2021-12-28T11:40:15.586] [DEBUG] cheese - null
[2021-12-28T11:40:15.586] [DEBUG] cheese - null
[2021-12-28T21:23:53.003] [DEBUG] cheese - login => username:admin,password:123456
[2021-12-28T21:23:53.005] [DEBUG] cheese - admin
[2021-12-28T21:23:53.016] [DEBUG] cheese - null
[2021-12-28T21:23:53.017] [DEBUG] cheese - null
[2021-12-31T10:10:10.355] [DEBUG] cheese - login => username:admin,password:123456
[2021-12-31T10:10:10.356] [DEBUG] cheese - admin
[2021-12-31T10:10:10.447] [DEBUG] cheese - null
[2021-12-31T10:10:10.448] [DEBUG] cheese - null
[2021-12-31T10:54:54.174] [DEBUG] cheese - login => username:admin,password:123456
[2021-12-31T10:54:54.174] [DEBUG] cheese - admin
[2021-12-31T10:54:54.177] [DEBUG] cheese - null
[2021-12-31T10:54:54.177] [DEBUG] cheese - null
[2022-01-01T15:10:44.695] [DEBUG] cheese - login => username:admin,password:123456
[2022-01-01T15:10:44.696] [DEBUG] cheese - admin
[2022-01-01T15:10:44.807] [DEBUG] cheese - null
[2022-01-01T15:10:44.807] [DEBUG] cheese - null
[2022-01-01T15:13:37.073] [DEBUG] cheese - login => username:admin,password:123456
[2022-01-01T15:13:37.073] [DEBUG] cheese - admin
[2022-01-01T15:13:37.078] [DEBUG] cheese - null
[2022-01-01T15:13:37.078] [DEBUG] cheese - null
[2022-01-03T09:27:10.029] [DEBUG] cheese - login => username:admin,password:123456
[2022-01-03T09:27:10.033] [DEBUG] cheese - admin
[2022-01-03T09:27:10.175] [DEBUG] cheese - null
[2022-01-03T09:27:10.176] [DEBUG] cheese - null
[2022-01-03T09:46:16.702] [DEBUG] cheese - login => username:admin,password:123456
[2022-01-03T09:46:16.702] [DEBUG] cheese - admin
[2022-01-03T09:46:16.714] [DEBUG] cheese - null
[2022-01-03T09:46:16.715] [DEBUG] cheese - null
[2022-01-03T09:50:02.323] [DEBUG] cheese - login => username:admin,password:123456
[2022-01-03T09:50:02.323] [DEBUG] cheese - admin
[2022-01-03T09:50:02.330] [DEBUG] cheese - null
[2022-01-03T09:50:02.330] [DEBUG] cheese - null
[2022-01-05T21:08:21.895] [DEBUG] cheese - login => username:admin,password:123456
[2022-01-05T21:08:21.897] [DEBUG] cheese - admin
[2022-01-05T21:08:21.925] [DEBUG] cheese - null
[2022-01-05T21:08:21.925] [DEBUG] cheese - null
[2022-01-09T09:23:09.671] [DEBUG] cheese - login => username:admin,password:123456
[2022-01-09T09:23:09.674] [DEBUG] cheese - admin
[2022-01-09T09:23:09.706] [DEBUG] cheese - null
[2022-01-09T09:23:09.706] [DEBUG] cheese - null
[2022-01-11T09:46:46.569] [DEBUG] cheese - login => username:admin,password:123456
[2022-01-11T09:46:46.570] [DEBUG] cheese - admin
[2022-01-11T09:46:46.645] [DEBUG] cheese - null
[2022-01-11T09:46:46.646] [DEBUG] cheese - null
[2022-01-11T09:55:34.823] [DEBUG] cheese - login => username:admin,password:123456
[2022-01-11T09:55:34.823] [DEBUG] cheese - admin
[2022-01-11T09:55:34.828] [DEBUG] cheese - null
[2022-01-11T09:55:34.828] [DEBUG] cheese - null
[2022-01-29T10:20:18.709] [DEBUG] cheese - login => username:admin,password:123456
[2022-01-29T10:20:18.710] [DEBUG] cheese - admin
[2022-01-29T10:20:18.842] [DEBUG] cheese - null
[2022-01-29T10:20:18.843] [DEBUG] cheese - null
[2022-01-31T15:47:22.130] [DEBUG] cheese - login => username:admin,password:123456
[2022-01-31T15:47:22.133] [DEBUG] cheese - admin
[2022-01-31T15:47:22.232] [DEBUG] cheese - null
[2022-01-31T15:47:22.232] [DEBUG] cheese - null
[2022-02-14T23:26:59.527] [DEBUG] cheese - login => username:admin,password:123456
[2022-02-14T23:26:59.529] [DEBUG] cheese - admin
[2022-02-14T23:26:59.616] [DEBUG] cheese - null
[2022-02-14T23:26:59.617] [DEBUG] cheese - null
[2022-03-17T06:53:34.705] [DEBUG] cheese - login => username:admin,password:123456
[2022-03-17T06:53:34.707] [DEBUG] cheese - admin
[2022-03-17T06:53:34.809] [DEBUG] cheese - null
[2022-03-17T06:53:34.810] [DEBUG] cheese - null
[2022-03-17T10:31:00.364] [DEBUG] cheese - login => username:admin,password:123456
[2022-03-17T10:31:00.365] [DEBUG] cheese - admin
[2022-03-17T10:31:00.376] [DEBUG] cheese - null
[2022-03-17T10:31:00.376] [DEBUG] cheese - null
[2023-05-06T15:16:03.040] [DEBUG] cheese - login => username:admin,password:12345
[2023-05-06T15:16:03.041] [DEBUG] cheese - admin
[2023-05-06T15:16:03.048] [DEBUG] cheese - null
[2023-05-06T15:16:03.049] [DEBUG] cheese - null
[2023-05-06T15:50:37.173] [DEBUG] cheese - login => username:admin,password:12345
[2023-05-06T15:50:37.173] [DEBUG] cheese - admin
[2023-05-06T15:50:37.175] [DEBUG] cheese - null
[2023-05-06T15:50:37.175] [DEBUG] cheese - null
[2023-05-06T16:22:51.506] [DEBUG] cheese - login => username:admin,password:12345
[2023-05-06T16:22:51.506] [DEBUG] cheese - admin
[2023-05-06T16:22:51.514] [DEBUG] cheese - null
[2023-05-06T16:22:51.514] [DEBUG] cheese - null
[2023-05-06T16:23:25.120] [DEBUG] cheese - login => username:admin,password:12345
[2023-05-06T16:23:25.121] [DEBUG] cheese - admin
[2023-05-06T16:23:25.122] [DEBUG] cheese - null
[2023-05-06T16:23:25.122] [DEBUG] cheese - null
[2023-05-06T16:23:47.605] [DEBUG] cheese - login => username:admin,password:12345
[2023-05-06T16:23:47.605] [DEBUG] cheese - admin
[2023-05-06T16:23:47.607] [DEBUG] cheese - null
[2023-05-06T16:23:47.607] [DEBUG] cheese - null
[2023-05-08T16:21:14.846] [DEBUG] cheese - login => username:admin,password:88888888
[2023-05-08T16:21:14.847] [DEBUG] cheese - admin
[2023-05-08T16:21:14.855] [DEBUG] cheese - null
[2023-05-08T16:21:14.856] [DEBUG] cheese - null
[2023-05-08T16:21:54.115] [DEBUG] cheese - login => username:admin,password:88888888
[2023-05-08T16:21:54.116] [DEBUG] cheese - admin
[2023-05-08T16:21:54.118] [DEBUG] cheese - null
[2023-05-08T16:21:54.118] [DEBUG] cheese - null
[2023-05-08T16:22:26.426] [DEBUG] cheese - login => username:admin,password:88888888
[2023-05-08T16:22:26.426] [DEBUG] cheese - admin
[2023-05-08T16:22:26.428] [DEBUG] cheese - null
[2023-05-08T16:22:26.428] [DEBUG] cheese - null
[2023-05-08T16:22:55.832] [DEBUG] cheese - login => username:admin,password:88888888
[2023-05-08T16:22:55.832] [DEBUG] cheese - admin
[2023-05-08T16:22:55.835] [DEBUG] cheese - null
[2023-05-08T16:22:55.835] [DEBUG] cheese - null
[2023-05-08T16:26:10.838] [DEBUG] cheese - login => username:admin,password:88888888
[2023-05-08T16:26:10.838] [DEBUG] cheese - admin
[2023-05-08T16:26:10.841] [DEBUG] cheese - null
[2023-05-08T16:26:10.841] [DEBUG] cheese - null
[2023-05-08T16:29:41.553] [DEBUG] cheese - login => username:admin,password:123456
[2023-05-08T16:29:41.553] [DEBUG] cheese - admin
[2023-05-08T16:29:41.555] [DEBUG] cheese - null
[2023-05-08T16:29:41.555] [DEBUG] cheese - null
[2023-05-08T16:51:14.416] [DEBUG] cheese - login => username:admin,password:88888888
[2023-05-08T16:51:14.416] [DEBUG] cheese - admin
[2023-05-08T16:51:14.418] [DEBUG] cheese - null
[2023-05-08T16:51:14.418] [DEBUG] cheese - null
[2023-05-08T16:51:44.042] [DEBUG] cheese - login => username:admin,password:88888888
[2023-05-08T16:51:44.042] [DEBUG] cheese - admin
[2023-05-08T16:51:44.044] [DEBUG] cheese - null
[2023-05-08T16:51:44.044] [DEBUG] cheese - null
[2023-05-08T16:52:28.233] [DEBUG] cheese - login => username:admin,password:123456
[2023-05-08T16:52:28.234] [DEBUG] cheese - admin
[2023-05-08T16:52:28.236] [DEBUG] cheese - null
[2023-05-08T16:52:28.236] [DEBUG] cheese - null
[2023-05-08T16:55:41.097] [DEBUG] cheese - login => username:admin,password:123456
[2023-05-08T16:55:41.098] [DEBUG] cheese - admin
[2023-05-08T16:55:41.100] [DEBUG] cheese - null
[2023-05-08T16:55:41.100] [DEBUG] cheese - null
[2023-05-09T13:59:48.952] [DEBUG] cheese - login => username:admin,password:123456
[2023-05-09T13:59:48.954] [DEBUG] cheese - admin
[2023-05-09T13:59:48.962] [DEBUG] cheese - null
[2023-05-09T13:59:48.962] [DEBUG] cheese - null
[2023-05-09T14:00:34.301] [DEBUG] cheese - login => username:admin,password:123456
[2023-05-09T14:00:34.301] [DEBUG] cheese - admin
[2023-05-09T14:00:34.303] [DEBUG] cheese - null
[2023-05-09T14:00:34.303] [DEBUG] cheese - null
[2023-05-09T14:00:41.846] [DEBUG] cheese - login => username:admin,password:1234561
[2023-05-09T14:00:41.846] [DEBUG] cheese - admin
[2023-05-09T14:00:41.848] [DEBUG] cheese - null
[2023-05-09T14:00:41.848] [DEBUG] cheese - null
[2023-05-09T14:00:45.606] [DEBUG] cheese - login => username:admin,password:123456
[2023-05-09T14:00:45.606] [DEBUG] cheese - admin
[2023-05-09T14:00:45.608] [DEBUG] cheese - null
[2023-05-09T14:00:45.608] [DEBUG] cheese - null
[2023-05-09T14:02:20.791] [DEBUG] cheese - login => username:admi1,password:123456
[2023-05-09T14:02:20.791] [DEBUG] cheese - admi1
[2023-05-09T14:02:20.792] [DEBUG] cheese - null
[2023-05-09T14:02:20.792] [DEBUG] cheese - null
[2023-05-09T14:02:21.611] [DEBUG] cheese - login => username:admi1,password:123456
[2023-05-09T14:02:21.611] [DEBUG] cheese - admi1
[2023-05-09T14:02:21.612] [DEBUG] cheese - null
[2023-05-09T14:02:21.612] [DEBUG] cheese - null
[2023-05-09T14:02:22.102] [DEBUG] cheese - login => username:admi1,password:123456
[2023-05-09T14:02:22.102] [DEBUG] cheese - admi1
[2023-05-09T14:02:22.103] [DEBUG] cheese - null
[2023-05-09T14:02:22.103] [DEBUG] cheese - null
[2023-05-09T14:02:27.136] [DEBUG] cheese - login => username:admin,password:123456
[2023-05-09T14:02:27.136] [DEBUG] cheese - admin
[2023-05-09T14:02:27.137] [DEBUG] cheese - null
[2023-05-09T14:02:27.137] [DEBUG] cheese - null
[2023-05-09T14:17:07.631] [DEBUG] cheese - login => username:admin,password:123456
[2023-05-09T14:17:07.631] [DEBUG] cheese - admin
[2023-05-09T14:17:07.633] [DEBUG] cheese - null
[2023-05-09T14:17:07.633] [DEBUG] cheese - null
[2023-05-09T14:24:10.780] [DEBUG] cheese - login => username:admin,password:123456
[2023-05-09T14:24:10.780] [DEBUG] cheese - admin
[2023-05-09T14:24:10.782] [DEBUG] cheese - null
[2023-05-09T14:24:10.782] [DEBUG] cheese - null
[2023-05-09T14:29:16.297] [DEBUG] cheese - login => username:admin,password:123456
[2023-05-09T14:29:16.298] [DEBUG] cheese - admin
[2023-05-09T14:29:16.299] [DEBUG] cheese - null
[2023-05-09T14:29:16.299] [DEBUG] cheese - null
[2023-05-09T15:10:05.640] [DEBUG] cheese - login => username:admin,password:123456
[2023-05-09T15:10:05.640] [DEBUG] cheese - admin
[2023-05-09T15:10:05.642] [DEBUG] cheese - null
[2023-05-09T15:10:05.642] [DEBUG] cheese - null
[2023-05-09T15:12:37.006] [DEBUG] cheese - login => username:admin,password:123456
[2023-05-09T15:12:37.006] [DEBUG] cheese - admin
[2023-05-09T15:12:37.007] [DEBUG] cheese - null
[2023-05-09T15:12:37.007] [DEBUG] cheese - null
[2023-05-09T15:14:04.618] [DEBUG] cheese - login => username:admin,password:123456
[2023-05-09T15:14:04.618] [DEBUG] cheese - admin
[2023-05-09T15:14:04.619] [DEBUG] cheese - null
[2023-05-09T15:14:04.619] [DEBUG] cheese - null
[2023-05-09T15:16:32.658] [DEBUG] cheese - login => username:admin,password:123456
[2023-05-09T15:16:32.658] [DEBUG] cheese - admin
[2023-05-09T15:16:32.659] [DEBUG] cheese - null
[2023-05-09T15:16:32.659] [DEBUG] cheese - null
[2023-05-09T15:17:35.316] [DEBUG] cheese - login => username:admin,password:123456
[2023-05-09T15:17:35.317] [DEBUG] cheese - admin
[2023-05-09T15:17:35.324] [DEBUG] cheese - null
[2023-05-09T15:17:35.325] [DEBUG] cheese - null
[2023-05-09T15:22:42.033] [DEBUG] cheese - login => username:admin,password:123456
[2023-05-09T15:22:42.034] [DEBUG] cheese - admin
[2023-05-09T15:22:42.042] [DEBUG] cheese - null
[2023-05-09T15:22:42.042] [DEBUG] cheese - null
[2023-05-09T15:28:20.092] [DEBUG] cheese - login => username:admin,password:123456
[2023-05-09T15:28:20.092] [DEBUG] cheese - admin
[2023-05-09T15:28:20.094] [DEBUG] cheese - null
[2023-05-09T15:28:20.094] [DEBUG] cheese - null
[2023-05-09T15:30:10.945] [DEBUG] cheese - login => username:admin,password:123456
[2023-05-09T15:30:10.946] [DEBUG] cheese - admin
[2023-05-09T15:30:10.948] [DEBUG] cheese - null
[2023-05-09T15:30:10.948] [DEBUG] cheese - null
[2023-05-09T15:38:02.082] [DEBUG] cheese - login => username:admin,password:123456
[2023-05-09T15:38:02.082] [DEBUG] cheese - admin
[2023-05-09T15:38:02.084] [DEBUG] cheese - null
[2023-05-09T15:38:02.084] [DEBUG] cheese - null
[2023-05-09T15:44:50.753] [DEBUG] cheese - login => username:admin,password:123456
[2023-05-09T15:44:50.754] [DEBUG] cheese - admin
[2023-05-09T15:44:50.756] [DEBUG] cheese - null
[2023-05-09T15:44:50.756] [DEBUG] cheese - null
[2023-05-09T15:48:04.875] [DEBUG] cheese - login => username:admin,password:123456
[2023-05-09T15:48:04.875] [DEBUG] cheese - admin
[2023-05-09T15:48:04.877] [DEBUG] cheese - null
[2023-05-09T15:48:04.877] [DEBUG] cheese - null
[2023-05-09T16:06:55.728] [DEBUG] cheese - login => username:admin,password:123456
[2023-05-09T16:06:55.728] [DEBUG] cheese - admin
[2023-05-09T16:06:55.730] [DEBUG] cheese - null
[2023-05-09T16:06:55.730] [DEBUG] cheese - null
[2023-05-09T16:29:31.198] [DEBUG] cheese - login => username:admin,password:123456
[2023-05-09T16:29:31.198] [DEBUG] cheese - admin
[2023-05-09T16:29:31.200] [DEBUG] cheese - null
[2023-05-09T16:29:31.200] [DEBUG] cheese - null
[2023-05-09T16:34:07.529] [DEBUG] cheese - login => username:admin,password:123456
[2023-05-09T16:34:07.529] [DEBUG] cheese - admin
[2023-05-09T16:34:07.531] [DEBUG] cheese - null
[2023-05-09T16:34:07.531] [DEBUG] cheese - null
[2023-05-09T16:58:56.251] [DEBUG] cheese - login => username:admin,password:123456
[2023-05-09T16:58:56.251] [DEBUG] cheese - admin
[2023-05-09T16:58:56.254] [DEBUG] cheese - null
[2023-05-09T16:58:56.254] [DEBUG] cheese - null
[2023-05-09T17:02:16.804] [DEBUG] cheese - login => username:admin,password:123456
[2023-05-09T17:02:16.804] [DEBUG] cheese - admin
[2023-05-09T17:02:16.806] [DEBUG] cheese - null
[2023-05-09T17:02:16.806] [DEBUG] cheese - null
[2023-05-10T14:04:42.615] [DEBUG] cheese - login => username:admin,password:123456
[2023-05-10T14:04:42.617] [DEBUG] cheese - admin
[2023-05-10T14:04:42.627] [DEBUG] cheese - null
[2023-05-10T14:04:42.627] [DEBUG] cheese - null
[2023-05-10T14:06:41.574] [DEBUG] cheese - login => username:admin,password:123456
[2023-05-10T14:06:41.574] [DEBUG] cheese - admin
[2023-05-10T14:06:41.576] [DEBUG] cheese - null
[2023-05-10T14:06:41.576] [DEBUG] cheese - null
[2023-05-10T14:09:19.576] [DEBUG] cheese - login => username:admin,password:123456
[2023-05-10T14:09:19.576] [DEBUG] cheese - admin
[2023-05-10T14:09:19.578] [DEBUG] cheese - null
[2023-05-10T14:09:19.578] [DEBUG] cheese - null
[2023-05-10T14:28:13.235] [DEBUG] cheese - login => username:admin,password:123456
[2023-05-10T14:28:13.235] [DEBUG] cheese - admin
[2023-05-10T14:28:13.237] [DEBUG] cheese - null
[2023-05-10T14:28:13.237] [DEBUG] cheese - null
[2023-05-10T14:45:46.174] [DEBUG] cheese - login => username:admin,password:123456
[2023-05-10T14:45:46.174] [DEBUG] cheese - admin
[2023-05-10T14:45:46.175] [DEBUG] cheese - null
[2023-05-10T14:45:46.175] [DEBUG] cheese - null
[2023-05-10T14:47:05.016] [DEBUG] cheese - login => username:admin,password:123456
[2023-05-10T14:47:05.016] [DEBUG] cheese - admin
[2023-05-10T14:47:05.017] [DEBUG] cheese - null
[2023-05-10T14:47:05.017] [DEBUG] cheese - null
[2023-05-10T15:20:45.640] [DEBUG] cheese - login => username:admin,password:123456
[2023-05-10T15:20:45.641] [DEBUG] cheese - admin
[2023-05-10T15:20:45.648] [DEBUG] cheese - null
[2023-05-10T15:20:45.648] [DEBUG] cheese - null
[2023-05-11T14:07:17.508] [DEBUG] cheese - login => username:admin,password:123456
[2023-05-11T14:07:17.509] [DEBUG] cheese - admin
[2023-05-11T14:07:17.516] [DEBUG] cheese - null
[2023-05-11T14:07:17.517] [DEBUG] cheese - null
[2023-05-11T14:08:13.523] [DEBUG] cheese - login => username:admin,password:123456
[2023-05-11T14:08:13.524] [DEBUG] cheese - admin
[2023-05-11T14:08:13.525] [DEBUG] cheese - null
[2023-05-11T14:08:13.525] [DEBUG] cheese - null
[2023-05-11T17:48:56.582] [DEBUG] cheese - login => username:admin,password:123456
[2023-05-11T17:48:56.583] [DEBUG] cheese - admin
[2023-05-11T17:48:56.585] [DEBUG] cheese - null
[2023-05-11T17:48:56.586] [DEBUG] cheese - null
[2023-05-11T21:40:28.495] [DEBUG] cheese - login => username:admin,password:123456
[2023-05-11T21:40:28.496] [DEBUG] cheese - admin
[2023-05-11T21:40:28.513] [DEBUG] cheese - null
[2023-05-11T21:40:28.513] [DEBUG] cheese - null
[2023-05-11T22:01:27.509] [DEBUG] cheese - login => username:admin,password:123456
[2023-05-11T22:01:27.509] [DEBUG] cheese - admin
[2023-05-11T22:01:27.511] [DEBUG] cheese - null
[2023-05-11T22:01:27.511] [DEBUG] cheese - null
[2023-05-12T14:01:14.663] [DEBUG] cheese - login => username:admin,password:123456
[2023-05-12T14:01:14.664] [DEBUG] cheese - admin
[2023-05-12T14:01:14.671] [DEBUG] cheese - null
[2023-05-12T14:01:14.671] [DEBUG] cheese - null
[2023-05-12T14:57:23.622] [DEBUG] cheese - login => username:admin,password:123456
[2023-05-12T14:57:23.622] [DEBUG] cheese - admin
[2023-05-12T14:57:23.624] [DEBUG] cheese - null
[2023-05-12T14:57:23.624] [DEBUG] cheese - null
[2023-05-12T15:41:29.214] [DEBUG] cheese - null
[2023-05-12T15:43:24.278] [DEBUG] cheese - null
[2023-05-12T15:44:02.116] [DEBUG] cheese - null
[2023-05-12T15:55:59.443] [DEBUG] cheese - null
[2023-05-12T15:58:09.402] [DEBUG] cheese - null
[2023-05-12T16:00:08.804] [DEBUG] cheese - null
[2023-05-12T16:00:13.242] [DEBUG] cheese - null
[2023-05-12T16:00:39.015] [DEBUG] cheese - null
[2023-05-12T16:00:54.571] [DEBUG] cheese - null
[2023-05-12T16:06:01.334] [DEBUG] cheese - null
[2023-05-12T16:57:13.261] [DEBUG] cheese - login => username:admin,password:123456
[2023-05-12T16:57:13.262] [DEBUG] cheese - admin
[2023-05-12T16:57:13.269] [DEBUG] cheese - null
[2023-05-12T16:57:13.269] [DEBUG] cheese - null
[2023-05-12T16:57:22.244] [DEBUG] cheese - null
[2023-05-12T17:33:06.186] [DEBUG] cheese - login => username:admin,password:123456
[2023-05-12T17:33:06.186] [DEBUG] cheese - admin
[2023-05-12T17:33:06.188] [DEBUG] cheese - null
[2023-05-12T17:33:06.188] [DEBUG] cheese - null
[2023-05-12T17:46:50.062] [DEBUG] cheese - login => username:admin,password:123456
[2023-05-12T17:46:50.062] [DEBUG] cheese - admin
[2023-05-12T17:46:50.064] [DEBUG] cheese - null
[2023-05-12T17:46:50.064] [DEBUG] cheese - null
[2023-05-15T14:07:19.329] [DEBUG] cheese - login => username:admin,password:123456
[2023-05-15T14:07:19.330] [DEBUG] cheese - admin
[2023-05-15T14:07:19.364] [DEBUG] cheese - null
[2023-05-15T14:07:19.365] [DEBUG] cheese - null
[2023-05-15T14:10:12.233] [DEBUG] cheese - login => username:admin,password:123456
[2023-05-15T14:10:12.234] [DEBUG] cheese - admin
[2023-05-15T14:10:12.236] [DEBUG] cheese - null
[2023-05-15T14:10:12.236] [DEBUG] cheese - null
[2023-05-15T15:31:28.471] [DEBUG] cheese - login => username:admin,password:123456
[2023-05-15T15:31:28.471] [DEBUG] cheese - admin
[2023-05-15T15:31:28.473] [DEBUG] cheese - null
[2023-05-15T15:31:28.473] [DEBUG] cheese - null
[2023-05-15T16:29:47.512] [DEBUG] cheese - login => username:admin,password:123456
[2023-05-15T16:29:47.513] [DEBUG] cheese - admin
[2023-05-15T16:29:47.520] [DEBUG] cheese - null
[2023-05-15T16:29:47.520] [DEBUG] cheese - null
[2023-05-16T14:02:44.863] [DEBUG] cheese - login => username:admin,password:123456
[2023-05-16T14:02:44.864] [DEBUG] cheese - admin
[2023-05-16T14:02:44.901] [DEBUG] cheese - null
[2023-05-16T14:02:44.901] [DEBUG] cheese - null
[2023-05-16T18:58:21.190] [DEBUG] cheese - login => username:admin,password:123456
[2023-05-16T18:58:21.191] [DEBUG] cheese - admin
[2023-05-16T18:58:21.193] [DEBUG] cheese - null
[2023-05-16T18:58:21.194] [DEBUG] cheese - null
[2023-05-16T20:32:08.358] [DEBUG] cheese - null
[2023-05-16T20:32:36.517] [DEBUG] cheese - null
[2023-05-16T20:34:20.832] [DEBUG] cheese - null
[2023-05-16T20:34:50.681] [DEBUG] cheese - null
[2023-05-16T20:36:13.894] [DEBUG] cheese - null
[2023-05-16T20:37:05.784] [DEBUG] cheese - null
[2023-05-16T20:38:05.152] [DEBUG] cheese - null
[2023-05-16T20:46:09.375] [DEBUG] cheese - login => username:admin,password:123456
[2023-05-16T20:46:09.375] [DEBUG] cheese - admin
[2023-05-16T20:46:09.378] [DEBUG] cheese - null
[2023-05-16T20:46:09.378] [DEBUG] cheese - null
[2023-05-16T20:47:01.431] [DEBUG] cheese - null
[2023-05-16T20:48:42.968] [DEBUG] cheese - null
[2023-05-16T20:53:08.153] [DEBUG] cheese - null
[2023-05-16T20:58:56.505] [DEBUG] cheese - null
[2023-05-16T21:00:21.994] [DEBUG] cheese - null
[2023-05-16T21:01:07.246] [DEBUG] cheese - null
[2023-05-16T21:24:09.245] [DEBUG] cheese - login => username:admin,password:123456
[2023-05-16T21:24:09.246] [DEBUG] cheese - admin
[2023-05-16T21:24:09.254] [DEBUG] cheese - null
[2023-05-16T21:24:09.254] [DEBUG] cheese - null
[2023-05-16T21:25:12.317] [DEBUG] cheese - null
[2023-05-16T21:57:02.009] [DEBUG] cheese - login => username:admin,password:123456
[2023-05-16T21:57:02.009] [DEBUG] cheese - admin
[2023-05-16T21:57:02.011] [DEBUG] cheese - null
[2023-05-16T21:57:02.011] [DEBUG] cheese - null
[2023-05-17T14:02:07.965] [DEBUG] cheese - login => username:admin,password:123456
[2023-05-17T14:02:07.965] [DEBUG] cheese - admin
[2023-05-17T14:02:07.973] [DEBUG] cheese - null
[2023-05-17T14:02:07.973] [DEBUG] cheese - null
[2023-05-17T14:02:32.146] [DEBUG] cheese - null
[2023-05-17T14:04:13.932] [DEBUG] cheese - null
[2023-05-17T14:07:48.030] [DEBUG] cheese - null
[2023-05-17T14:09:37.329] [DEBUG] cheese - null
[2023-05-17T14:10:11.362] [DEBUG] cheese - null
[2023-05-17T16:50:54.890] [DEBUG] cheese - login => username:admin,password:123456
[2023-05-17T16:50:54.891] [DEBUG] cheese - admin
[2023-05-17T16:50:54.893] [DEBUG] cheese - null
[2023-05-17T16:50:54.893] [DEBUG] cheese - null
[2023-05-17T16:56:14.779] [DEBUG] cheese - null
[2023-05-18T14:39:09.854] [DEBUG] cheese - login => username:admin,password:123456
[2023-05-18T14:39:09.855] [DEBUG] cheese - admin
[2023-05-18T14:39:09.864] [DEBUG] cheese - null
[2023-05-18T14:39:09.865] [DEBUG] cheese - null
[2023-05-24T23:56:19.168] [DEBUG] cheese - login => username:admin,password:123456
[2023-05-24T23:56:19.169] [DEBUG] cheese - admin
[2023-05-24T23:56:19.216] [DEBUG] cheese - null
[2023-05-24T23:56:19.217] [DEBUG] cheese - null
[2023-05-25T00:54:36.816] [DEBUG] cheese - login => username:admin,password:123456
[2023-05-25T00:54:36.817] [DEBUG] cheese - admin
[2023-05-25T00:54:36.825] [DEBUG] cheese - null
[2023-05-25T00:54:36.825] [DEBUG] cheese - null
